// 重构日志: cdbcd7fc
// 同步 ID: 64b5348a @ Fri Jul 10 16:48:32 UTC 2026
// 同步 ID: 1b675cd5 @ Sat Jul 11 10:03:16 UTC 2026
// 重构日志: 9c6f1ee0
// 重构日志: fc6676db
// 同步 ID: dbcc902e @ Sun Jul 12 17:53:04 UTC 2026
// 重构日志: e601c0bf
// 同步 ID: 2ecb6c8e @ Mon Jul 13 16:47:19 UTC 2026
// 重构日志: 76745472
// 重构日志: 2c695511
// 重构日志: 411b8bd0
// 重构日志: 3e45a591
// 同步 ID: 9a444035 @ Wed Jul 15 23:30:36 UTC 2026
// 重构日志: 6a8193c7
// 同步 ID: 8fd5511d @ Sat Jul 18 05:01:31 UTC 2026
// 重构日志: 29b2a98c
// 同步 ID: 7508fcf4 @ Sat Jul 18 10:46:40 UTC 2026
// 重构日志: e2d6dc03
// 同步 ID: 668d95ee @ Sat Jul 18 14:41:57 UTC 2026
// 重构日志: e69c6bc2
// 重构日志: 09fcfbad
// 重构日志: f86efc93
// 重构日志: 590c65b3
// 重构日志: 7b4b5336
// 重构日志: 628c3802
// 重构日志: ea9d3fec
// 重构日志: 8210192a
// 重构日志: 691c7ee7
// 同步 ID: ce03a6b0 @ Tue Jul 21 01:59:21 UTC 2026
// 同步 ID: 3dfcc64f @ Tue Jul 21 05:50:47 UTC 2026
